2025-07-15 09:46:03,676 - INFO - DataProcessing Initialized
2025-07-15 09:46:06,754 - INFO - Data loaded successfully for processing
2025-07-15 09:46:07,407 - INFO - Filtered users successfully
2025-07-15 09:46:10,031 - INFO - Rating scaling completed
2025-07-15 09:46:10,810 - INFO - Encoding completed for users and animes
2025-07-15 09:46:13,407 - INFO - Data split into training and test sets
2025-07-15 09:46:13,458 - INFO - user2user_encoded saved successfully
2025-07-15 09:46:13,495 - INFO - user2user_decoded saved successfully
2025-07-15 09:46:13,646 - INFO - anim2anime_encoded saved successfully
2025-07-15 09:46:13,827 - INFO - anim2anime_decoded saved successfully
2025-07-15 09:46:32,628 - INFO - Training, testing data, and rating_df saved successfully
2025-07-15 09:47:21,922 - INFO - Anime and synopsis data saved successfully
2025-07-15 09:47:21,931 - INFO - \u2705 Data processing pipeline completed
2025-07-15 11:09:55,731 - INFO - DataProcessing Initialized
2025-07-15 11:09:59,728 - INFO - Data loaded successfully for processing
2025-07-15 11:10:00,199 - INFO - Filtered users successfully
2025-07-15 11:10:02,940 - INFO - Rating scaling completed
2025-07-15 11:10:03,375 - INFO - Encoding completed for users and animes
2025-07-15 11:10:05,337 - INFO - Data split into training and test sets
2025-07-15 11:10:05,381 - INFO - user2user_encoded saved successfully
2025-07-15 11:10:05,421 - INFO - user2user_decoded saved successfully
2025-07-15 11:10:05,570 - INFO - anim2anime_encoded saved successfully
2025-07-15 11:10:05,720 - INFO - anim2anime_decoded saved successfully
2025-07-15 11:10:21,844 - INFO - Training, testing data, and rating_df saved successfully
2025-07-15 11:11:01,127 - INFO - Anime and synopsis data saved successfully
2025-07-15 11:11:01,135 - INFO - \u2705 Data processing pipeline completed
2025-07-15 11:11:50,257 - INFO - Model Training & COMET ML initialized..
2025-07-15 11:14:58,069 - INFO - Model Training & COMET ML initialized..
2025-07-15 11:14:58,423 - INFO - Data loaded successfully for Model Training
2025-07-15 11:14:58,626 - INFO - Succesfully read the YAML file
2025-07-15 11:14:58,626 - INFO - Loaded configuration from config.yaml
2025-07-15 11:15:00,437 - INFO - Model created successfully....
2025-07-15 11:16:51,475 - INFO - Model Training & COMET ML initialized..
2025-07-15 11:16:52,534 - INFO - Data loaded successfully for Model Training
2025-07-15 11:16:53,131 - INFO - Succesfully read the YAML file
2025-07-15 11:16:53,131 - INFO - Loaded configuration from config.yaml
2025-07-15 11:16:53,605 - INFO - Model created successfully....
2025-07-15 11:26:31,841 - INFO - \u2705 Model training completed successfully.
2025-07-15 11:26:31,853 - ERROR - \u274c Failed to generate or save loss plot.
2025-07-15 11:26:31,854 - WARNING - You are saving your model as an HDF5 file via `model.save()` or `keras.saving.save_model(model)`. This file format is considered legacy. We recommend using instead the native Keras format, e.g. `model.save('my_model.keras')` or `keras.saving.save_model(model, 'my_model.keras')`. 
2025-07-15 11:26:32,855 - INFO - Model saved to artifacts/model\model.h5
2025-07-15 11:26:32,907 - INFO - Extracting weights for user_embedding
2025-07-15 11:26:33,004 - INFO - Extracting weights for anime_embedding
2025-07-15 11:26:33,841 - INFO - User and Anime weights saved successfully.
2025-07-15 11:44:23,415 - INFO - DataProcessing Initialized
2025-07-15 11:44:26,319 - INFO - Data loaded successfully for processing
2025-07-15 11:44:26,781 - INFO - Filtered users successfully
2025-07-15 11:44:29,570 - INFO - Rating scaling completed
2025-07-15 11:44:30,031 - INFO - Encoding completed for users and animes
2025-07-15 11:44:32,376 - INFO - Data split into training and test sets
2025-07-15 11:44:32,440 - INFO - user2user_encoded saved successfully
2025-07-15 11:44:32,502 - INFO - user2user_decoded saved successfully
2025-07-15 11:44:32,663 - INFO - anim2anime_encoded saved successfully
2025-07-15 11:44:32,813 - INFO - anim2anime_decoded saved successfully
2025-07-15 11:48:29,423 - INFO - Starting Data Processing...
2025-07-15 11:48:29,424 - INFO - DataProcessing Initialized
2025-07-15 11:48:32,093 - INFO - Data loaded successfully for processing
2025-07-15 11:48:32,500 - INFO - Filtered users successfully
2025-07-15 11:48:35,735 - INFO - Rating scaling completed
2025-07-15 11:48:36,824 - INFO - Encoding completed for users and animes
2025-07-15 11:48:38,782 - INFO - Data split into training and test sets
2025-07-15 11:48:38,830 - INFO - user2user_encoded saved successfully
2025-07-15 11:48:38,869 - INFO - user2user_decoded saved successfully
2025-07-15 11:48:39,055 - INFO - anim2anime_encoded saved successfully
2025-07-15 11:48:39,230 - INFO - anim2anime_decoded saved successfully
2025-07-15 11:48:54,434 - INFO - Training, testing data, and rating_df saved successfully
2025-07-15 11:49:41,423 - INFO - Anime and synopsis data saved successfully
2025-07-15 11:49:41,556 - INFO - \u2705 Data processing pipeline completed
2025-07-15 11:49:41,556 - INFO - Starting Model Training...
2025-07-15 11:49:50,235 - INFO - Model Training & COMET ML initialized..
2025-07-15 11:49:52,202 - INFO - Data loaded successfully for Model Training
2025-07-15 11:49:52,364 - INFO - Succesfully read the YAML file
2025-07-15 11:49:52,365 - INFO - Loaded configuration from config.yaml
2025-07-15 11:49:52,711 - INFO - Model created successfully....
2025-07-15 11:55:28,327 - INFO - \u2705 Model training completed successfully.
2025-07-15 11:55:35,190 - INFO - \U0001f4ca Loss plot saved at artifacts/model\loss_plot.png
2025-07-15 11:55:35,191 - WARNING - You are saving your model as an HDF5 file via `model.save()` or `keras.saving.save_model(model)`. This file format is considered legacy. We recommend using instead the native Keras format, e.g. `model.save('my_model.keras')` or `keras.saving.save_model(model, 'my_model.keras')`. 
2025-07-15 11:55:36,073 - INFO - Model saved to artifacts/model\model.h5
2025-07-15 11:55:36,084 - INFO - Extracting weights for user_embedding
2025-07-15 11:55:36,114 - INFO - Extracting weights for anime_embedding
2025-07-15 11:55:36,608 - INFO - User and Anime weights saved successfully.
2025-07-15 11:55:36,752 - INFO - \u2705 Pipeline completed successfully!
2025-07-15 12:25:07,751 - INFO - Starting Data Processing...
2025-07-15 12:25:07,753 - INFO - DataProcessing Initialized
2025-07-15 12:25:10,537 - INFO - Data loaded successfully for processing
2025-07-15 12:25:11,068 - INFO - Filtered users successfully
2025-07-15 12:25:13,733 - INFO - Rating scaling completed
2025-07-15 12:25:14,160 - INFO - Encoding completed for users and animes
2025-07-15 12:25:16,633 - INFO - Data split into training and test sets
2025-07-15 12:25:16,742 - INFO - user2user_encoded saved successfully
2025-07-15 12:25:16,794 - INFO - user2user_decoded saved successfully
2025-07-15 12:25:16,988 - INFO - anim2anime_encoded saved successfully
2025-07-15 12:25:17,178 - INFO - anim2anime_decoded saved successfully
2025-07-15 12:25:34,413 - INFO - Training, testing data, and rating_df saved successfully
2025-07-15 12:26:34,182 - INFO - Anime and synopsis data saved successfully
2025-07-15 12:26:34,189 - INFO - \u2705 Data processing pipeline completed
2025-07-15 12:26:34,189 - INFO - Starting Model Training...
2025-07-15 12:26:42,954 - INFO - \u2705 Model Training & Comet ML initialized.
2025-07-15 12:26:46,242 - INFO - \U0001f4e6 Loaded training and test data.
2025-07-15 12:26:47,103 - INFO - Succesfully read the YAML file
2025-07-15 12:26:47,104 - INFO - Loaded configuration from config.yaml
2025-07-15 12:26:47,897 - INFO - Model created successfully....
2025-07-15 12:32:23,777 - INFO - \u2705 Model training completed successfully.
2025-07-15 12:32:25,805 - INFO - \U0001f4ca Loss plot saved at artifacts/model\loss_plot.png
2025-07-15 12:32:27,467 - INFO - loss: 0.6933
2025-07-15 12:32:27,468 - INFO - compile_metrics: 0.3611
2025-07-15 12:32:27,468 - INFO - \u2705 Model evaluation completed.
2025-07-15 12:32:27,469 - WARNING - You are saving your model as an HDF5 file via `model.save()` or `keras.saving.save_model(model)`. This file format is considered legacy. We recommend using instead the native Keras format, e.g. `model.save('my_model.keras')` or `keras.saving.save_model(model, 'my_model.keras')`. 
2025-07-15 12:32:27,979 - INFO - \U0001f4be Model saved at artifacts/model\model.h5
2025-07-15 12:32:27,992 - INFO - \U0001f4e4 Extracted normalized weights for user_embedding
2025-07-15 12:32:28,207 - INFO - \U0001f4e4 Extracted normalized weights for anime_embedding
2025-07-15 12:32:28,774 - INFO - \u2705 User and Anime weights saved and logged to Comet ML.
2025-07-15 12:32:28,803 - INFO - \u2705 Pipeline completed successfully!
2025-07-15 17:30:41,670 - INFO - Starting Data Processing...
2025-07-15 17:30:41,675 - INFO - DataProcessing Initialized
2025-07-15 17:30:44,376 - INFO - Data loaded successfully for processing
2025-07-15 17:30:44,782 - INFO - Filtered users successfully
2025-07-15 17:30:48,499 - INFO - Rating scaling completed
2025-07-15 17:30:48,954 - INFO - Encoding completed for users and animes
2025-07-15 17:30:51,014 - INFO - Data split into training and test sets
2025-07-15 17:30:51,058 - INFO - user2user_encoded saved successfully
2025-07-15 17:30:51,096 - INFO - user2user_decoded saved successfully
2025-07-15 17:30:51,240 - INFO - anim2anime_encoded saved successfully
2025-07-15 17:30:51,386 - INFO - anim2anime_decoded saved successfully
2025-07-15 17:31:09,340 - INFO - Training, testing data, and rating_df saved successfully
2025-07-15 17:31:50,135 - INFO - Anime and synopsis data saved successfully
2025-07-15 17:31:50,143 - INFO - \u2705 Data processing pipeline completed
2025-07-15 17:31:50,143 - INFO - Starting Model Training...
2025-07-15 17:31:59,593 - INFO - \u2705 Model Training & Comet ML initialized.
2025-07-15 17:32:05,763 - INFO - \U0001f4e6 Loaded training and test data.
2025-07-15 17:32:06,115 - INFO - Succesfully read the YAML file
2025-07-15 17:32:06,116 - INFO - Loaded configuration from config.yaml
2025-07-15 17:32:06,740 - INFO - Model created successfully....
2025-07-15 18:00:51,303 - INFO - \u2705 Model training completed successfully.
2025-07-15 18:00:54,211 - INFO - \U0001f4ca Loss plot saved at artifacts/model\loss_plot.png
2025-07-15 18:00:54,683 - INFO - loss: 0.5152
2025-07-15 18:00:54,683 - INFO - compile_metrics: 0.2215
2025-07-15 18:00:54,683 - INFO - \u2705 Model evaluation completed.
2025-07-15 18:00:54,683 - WARNING - You are saving your model as an HDF5 file via `model.save()` or `keras.saving.save_model(model)`. This file format is considered legacy. We recommend using instead the native Keras format, e.g. `model.save('my_model.keras')` or `keras.saving.save_model(model, 'my_model.keras')`. 
2025-07-15 18:00:55,098 - INFO - \U0001f4be Model saved at artifacts/model\model.h5
2025-07-15 18:00:55,114 - INFO - \U0001f4e4 Extracted normalized weights for user_embedding
2025-07-15 18:00:55,296 - INFO - \U0001f4e4 Extracted normalized weights for anime_embedding
2025-07-15 18:00:55,700 - INFO - \u2705 User and Anime weights saved and logged to Comet ML.
2025-07-15 18:00:55,720 - INFO - \u2705 Pipeline completed successfully!
