2025-07-11 17:16:21,070 - INFO - Succesfully read the YAML file
2025-07-11 17:16:21,071 - INFO - Data Ingestion Started....
2025-07-11 17:16:21,071 - INFO - Starting Data Ingestion Process....
2025-07-11 17:16:21,074 - ERROR - Error while downloading data from GCP
2025-07-11 17:16:21,074 - ERROR - CustomException: Error in D:\Mlops_course_2025\Mlops_new_course\MLOPS-PROJECTS\MLOPS_AniRec_project\src\data_ingestion.py , line 37 : Failed to download data
2025-07-11 17:16:21,074 - INFO - Data Ingestion DONE...
2025-07-11 17:21:05,052 - INFO - Succesfully read the YAML file
2025-07-11 17:21:05,052 - INFO - Data Ingestion Started....
2025-07-11 17:21:05,053 - INFO - Starting Data Ingestion Process....
2025-07-11 17:21:05,116 - ERROR - Error while downloading data from GCP
2025-07-11 17:21:05,117 - ERROR - CustomException: Error in D:\Mlops_course_2025\Mlops_new_course\MLOPS-PROJECTS\MLOPS_AniRec_project\src\data_ingestion.py , line 37 : Failed to download data
2025-07-11 17:21:05,117 - INFO - Data Ingestion DONE...
2025-07-11 17:29:19,430 - INFO - Succesfully read the YAML file
2025-07-11 17:29:19,431 - INFO - Data Ingestion Started....
2025-07-11 17:29:19,431 - INFO - Starting Data Ingestion Process....
2025-07-11 17:29:19,433 - ERROR - Error while downloading data from GCP
2025-07-11 17:29:19,433 - ERROR - CustomException: Error in D:\Mlops_course_2025\Mlops_new_course\MLOPS-PROJECTS\MLOPS_AniRec_project\src\data_ingestion.py , line 37 : Failed to download data
2025-07-11 17:29:19,433 - INFO - Data Ingestion DONE...
2025-07-11 17:35:12,894 - INFO - Succesfully read the YAML file
2025-07-11 17:35:12,895 - INFO - Data Ingestion Started....
2025-07-11 17:35:12,895 - INFO - Starting Data Ingestion Process....
2025-07-11 17:35:16,627 - INFO - Downloading smaller files: anime & anime_with_synopsis
2025-07-11 17:35:19,700 - INFO - Downloading smaller files: anime & anime_with_synopsis
2025-07-11 17:42:00,042 - INFO - Large file detected. Only downloading 5M rows.
2025-07-11 17:42:00,096 - INFO - Data Ingestion Completed...
2025-07-11 17:42:00,096 - INFO - Data Ingestion DONE...
