2025-07-18 20:32:14,327 - INFO - Starting Data Processing...
2025-07-18 20:32:14,329 - INFO - DataProcessing Initialized
2025-07-18 20:32:26,998 - INFO - Data loaded successfully for processing
2025-07-18 20:32:28,094 - INFO - Filtered users successfully
2025-07-18 20:32:32,062 - INFO - Rating scaling completed
2025-07-18 20:32:32,714 - INFO - Encoding completed for users and animes
2025-07-18 20:32:35,358 - INFO - Data split into training and test sets
2025-07-18 20:32:35,474 - INFO - user2user_encoded saved successfully
2025-07-18 20:32:35,518 - INFO - user2user_decoded saved successfully
2025-07-18 20:32:35,682 - INFO - anim2anime_encoded saved successfully
2025-07-18 20:32:35,821 - INFO - anim2anime_decoded saved successfully
2025-07-18 20:32:59,214 - INFO - Training, testing data, and rating_df saved successfully
2025-07-18 20:33:51,929 - INFO - Anime and synopsis data saved successfully
2025-07-18 20:33:51,935 - INFO - \u2705 Data processing pipeline completed
2025-07-18 20:33:51,970 - INFO - Starting Model Training...
2025-07-18 20:34:25,893 - INFO - \u2705 Model Training & Comet ML initialized.
2025-07-18 20:34:30,034 - INFO - \U0001f4e6 Loaded training and test data.
2025-07-18 20:34:30,206 - INFO - Succesfully read the YAML file
2025-07-18 20:34:30,207 - INFO - Loaded configuration from config.yaml
2025-07-18 20:34:35,458 - INFO - Model created successfully....
2025-07-18 20:41:25,548 - INFO - \u2705 Model training completed successfully.
2025-07-18 20:41:33,483 - INFO - \U0001f4ca Loss plot saved at artifacts/model\loss_plot.png
2025-07-18 20:41:34,503 - INFO - loss: 0.7484
2025-07-18 20:41:34,504 - INFO - compile_metrics: 0.3764
2025-07-18 20:41:34,504 - INFO - \u2705 Model evaluation completed.
2025-07-18 20:41:34,505 - WARNING - You are saving your model as an HDF5 file via `model.save()` or `keras.saving.save_model(model)`. This file format is considered legacy. We recommend using instead the native Keras format, e.g. `model.save('my_model.keras')` or `keras.saving.save_model(model, 'my_model.keras')`. 
2025-07-18 20:41:35,331 - INFO - \U0001f4be Model saved at artifacts/model\model.h5
2025-07-18 20:41:35,366 - INFO - \U0001f4e4 Extracted normalized weights for user_embedding
2025-07-18 20:41:35,438 - INFO - \U0001f4e4 Extracted normalized weights for anime_embedding
2025-07-18 20:41:36,106 - INFO - \u2705 User and Anime weights saved and logged to Comet ML.
2025-07-18 20:41:36,136 - INFO - \u2705 Pipeline completed successfully!
